<?xml version="1.0" encoding="UTF-8"?>
<!-- Generated by org.testng.reporters.JUnitReportReporter -->
<testsuite skipped="0" hostname="DESKTOP-0K8EQOA" name="Data_Driven_Validating.Validating_Data_Driven" tests="1" failures="0" timestamp="2022-07-21T01:47:36 IST" time="15.178" errors="0">
  <testcase name="Data_Driven_Testing" time="15.178" classname="Data_Driven_Validating.Validating_Data_Driven"/>
  <system-out/>
</testsuite> <!-- Data_Driven_Validating.Validating_Data_Driven -->
