<?xml version="1.0" encoding="UTF-8"?>
<!-- Generated by org.testng.reporters.JUnitReportReporter -->
<testsuite skipped="0" hostname="DESKTOP-0K8EQOA" name="com.testng.features.testing.Testng_Parameter_Passing" tests="5" failures="0" timestamp="2022-06-30T11:24:15 IST" time="19.956" errors="0">
  <testcase name="openingurl" time="2.890" classname="com.testng.features.testing.Testng_Parameter_Passing"/>
  <system-out/>
  <testcase name="signingin" time="3.144" classname="com.testng.features.testing.Testng_Parameter_Passing"/>
  <system-out/>
  <testcase name="bookingandselecting" time="6.754" classname="com.testng.features.testing.Testng_Parameter_Passing"/>
  <system-out/>
  <testcase name="signingout" time="5.907" classname="com.testng.features.testing.Testng_Parameter_Passing"/>
  <system-out/>
  <testcase name="closingbrowser" time="1.261" classname="com.testng.features.testing.Testng_Parameter_Passing"/>
  <system-out/>
</testsuite> <!-- com.testng.features.testing.Testng_Parameter_Passing -->
