<?xml version="1.0" encoding="UTF-8"?>
<!-- Generated by org.testng.reporters.JUnitReportReporter -->
<testsuite skipped="0" hostname="DESKTOP-0K8EQOA" name="com.testng.features.testing.Testng_GroupsofGroups_Grouping" tests="3" failures="0" timestamp="2022-06-30T23:04:29 IST" time="5.485" errors="0">
  <testcase name="openingurl" time="2.940" classname="com.testng.features.testing.Testng_GroupsofGroups_Grouping"/>
  <system-out/>
  <testcase name="signingin" time="1.957" classname="com.testng.features.testing.Testng_GroupsofGroups_Grouping"/>
  <system-out/>
  <testcase name="closingbrowser" time="0.588" classname="com.testng.features.testing.Testng_GroupsofGroups_Grouping"/>
  <system-out/>
</testsuite> <!-- com.testng.features.testing.Testng_GroupsofGroups_Grouping -->
