<?xml version="1.0" encoding="UTF-8"?>
<!-- Generated by org.testng.reporters.JUnitReportReporter -->
<testsuite skipped="0" hostname="DESKTOP-0K8EQOA" name="com.testng.parameters.testing.TestNg_Priority" tests="5" failures="0" timestamp="2022-06-30T10:27:39 IST" time="16.619" errors="0">
  <testcase name="openingurl" time="2.993" classname="com.testng.parameters.testing.TestNg_Priority"/>
  <system-out/>
  <testcase name="signingin" time="1.139" classname="com.testng.parameters.testing.TestNg_Priority"/>
  <system-out/>
  <testcase name="bookingandselecting" time="5.911" classname="com.testng.parameters.testing.TestNg_Priority"/>
  <system-out/>
  <testcase name="signingout" time="5.908" classname="com.testng.parameters.testing.TestNg_Priority"/>
  <system-out/>
  <testcase name="closingbrowser" time="0.668" classname="com.testng.parameters.testing.TestNg_Priority"/>
  <system-out/>
</testsuite> <!-- com.testng.parameters.testing.TestNg_Priority -->
