<?xml version="1.0" encoding="UTF-8"?>
<!-- Generated by org.testng.reporters.JUnitReportReporter -->
<testsuite skipped="1" hostname="DESKTOP-0K8EQOA" name="com.testng.features.testing.Testng_Ignorance" tests="4" failures="0" timestamp="2022-06-30T23:17:36 IST" time="11.593" errors="0">
  <testcase name="openingurl" time="4.256" classname="com.testng.features.testing.Testng_Ignorance"/>
  <system-out/>
  <testcase name="signingin" time="1.443" classname="com.testng.features.testing.Testng_Ignorance"/>
  <system-out/>
  <testcase name="bookingandselecting" time="5.894" classname="com.testng.features.testing.Testng_Ignorance"/>
  <system-out/>
  <testcase name="signingout" classname="com.testng.features.testing.Testng_Ignorance">
    <skipped/>
  </testcase> <!-- signingout -->
  <system-out/>
</testsuite> <!-- com.testng.features.testing.Testng_Ignorance -->
