<?xml version="1.0" encoding="UTF-8"?>
<!-- Generated by org.testng.reporters.JUnitReportReporter -->
<testsuite skipped="0" hostname="DESKTOP-0K8EQOA" name="com.testng.features.testing.Testng_Dataprovider" tests="5" failures="0" timestamp="2022-06-30T12:57:18 IST" time="16.231" errors="0">
  <testcase name="openingurl" time="3.459" classname="com.testng.features.testing.Testng_Dataprovider"/>
  <system-out/>
  <testcase name="signingin" time="0.969" classname="com.testng.features.testing.Testng_Dataprovider"/>
  <system-out/>
  <testcase name="bookingandselecting" time="3.208" classname="com.testng.features.testing.Testng_Dataprovider"/>
  <system-out/>
  <testcase name="signingout" time="8.336" classname="com.testng.features.testing.Testng_Dataprovider"/>
  <system-out/>
  <testcase name="closingbrowser" time="0.259" classname="com.testng.features.testing.Testng_Dataprovider"/>
  <system-out/>
</testsuite> <!-- com.testng.features.testing.Testng_Dataprovider -->
