<?xml version="1.0" encoding="UTF-8"?>
<!-- Generated by org.testng.reporters.JUnitReportReporter -->
<testsuite skipped="0" hostname="DESKTOP-0K8EQOA" name="com.testng.features.testing.Testng_InnvocationCount" tests="3" failures="0" timestamp="2022-06-30T23:19:03 IST" time="5.254" errors="0">
  <testcase name="openingurl" time="0.326" classname="com.testng.features.testing.Testng_InnvocationCount"/>
  <system-out/>
  <testcase name="openingurl" time="4.161" classname="com.testng.features.testing.Testng_InnvocationCount"/>
  <system-out/>
  <testcase name="openingurl" time="0.767" classname="com.testng.features.testing.Testng_InnvocationCount"/>
  <system-out/>
</testsuite> <!-- com.testng.features.testing.Testng_InnvocationCount -->
